<?xml version="1.0" encoding="UTF-8"?>
<!-- Generated by org.testng.reporters.JUnitReportReporter -->
<testsuite hostname="Sam_Alzubaidi" failures="0" tests="1" name="api_tests.PetStoreAPI_Tests" time="2.197" errors="0" timestamp="2023-09-26T19:55:34 EDT" skipped="0">
  <testcase classname="api_tests.PetStoreAPI_Tests" name="invalidGetPetByID" time="2.197"/>
</testsuite> <!-- api_tests.PetStoreAPI_Tests -->
