<?xml version="1.0" encoding="UTF-8"?>
<!-- Generated by org.testng.reporters.JUnitReportReporter -->
<testsuite hostname="Sam_Alzubaidi" failures="0" tests="2" name="api_tests.Bejan_UserAPI_Tests" time="4.398" errors="0" timestamp="2023-09-27T21:14:49 EDT" skipped="0">
  <testcase classname="api_tests.Bejan_UserAPI_Tests" name="TestCase_4_Login" time="0.910"/>
  <testcase classname="api_tests.Bejan_UserAPI_Tests" name="TestCase_1_NewUser" time="3.488"/>
</testsuite> <!-- api_tests.Bejan_UserAPI_Tests -->
