<?xml version="1.0" encoding="UTF-8"?>
<!-- Generated by org.testng.reporters.JUnitReportReporter -->
<testsuite hostname="Sam_Alzubaidi" failures="0" tests="2" name="api_tests.Bejan_UserAPI_Tests" time="2.788" errors="0" timestamp="2023-09-27T19:58:37 EDT" skipped="0">
  <testcase classname="api_tests.Bejan_UserAPI_Tests" name="TestCase_2_NewUser" time="0.151"/>
  <testcase classname="api_tests.Bejan_UserAPI_Tests" name="TestCase_1_NewUser" time="2.637"/>
</testsuite> <!-- api_tests.Bejan_UserAPI_Tests -->
