<?xml version="1.0" encoding="UTF-8"?>
<!-- Generated by org.testng.reporters.JUnitReportReporter -->
<testsuite hostname="Sam_Alzubaidi" failures="0" tests="6" name="api_tests.Bejan_UserAPI_Tests" time="5.506" errors="0" timestamp="2023-10-03T20:02:42 EDT" skipped="0">
  <testcase classname="api_tests.Bejan_UserAPI_Tests" name="TestCase_1_NewUser" time="3.726"/>
  <testcase classname="api_tests.Bejan_UserAPI_Tests" name="TestCase_2_NewUser" time="1.058"/>
  <testcase classname="api_tests.Bejan_UserAPI_Tests" name="TestCase_4_Login" time="0.142"/>
  <testcase classname="api_tests.Bejan_UserAPI_Tests" name="TestCase_5_logout" time="0.146"/>
  <testcase classname="api_tests.Bejan_UserAPI_Tests" name="TestCase_5_UpdateUser" time="0.256"/>
  <testcase classname="api_tests.Bejan_UserAPI_Tests" name="TestCase_3_UserNotFound" time="0.178"/>
</testsuite> <!-- api_tests.Bejan_UserAPI_Tests -->
