<?xml version="1.0" encoding="UTF-8"?>
<!-- Generated by org.testng.reporters.JUnitReportReporter -->
<testsuite hostname="Sam_Alzubaidi" failures="0" tests="5" name="api_tests.CarterApiWithBejan" time="8.273" errors="0" timestamp="2023-09-28T21:23:36 EDT" skipped="0">
  <testcase classname="api_tests.CarterApiWithBejan" name="ListAllCustomer" time="2.094"/>
  <testcase classname="api_tests.CarterApiWithBejan" name="Update_a_Customer" time="0.670"/>
  <testcase classname="api_tests.CarterApiWithBejan" name="RetrieveCustomer" time="0.412"/>
  <testcase classname="api_tests.CarterApiWithBejan" name="craterLogin" time="4.183"/>
  <testcase classname="api_tests.CarterApiWithBejan" name="newCustomer" time="0.914"/>
</testsuite> <!-- api_tests.CarterApiWithBejan -->
