<?xml version="1.0" encoding="UTF-8"?>
<!-- Generated by org.testng.reporters.JUnitReportReporter -->
<testsuite hostname="Sam_Alzubaidi" failures="0" tests="2" name="api_tests.Bejan_UserAPI_Tests" time="3.248" errors="0" timestamp="2023-09-28T18:41:19 EDT" skipped="0">
  <testcase classname="api_tests.Bejan_UserAPI_Tests" name="TestCase_1_NewUser" time="2.416"/>
  <testcase classname="api_tests.Bejan_UserAPI_Tests" name="TestCase_5_logout" time="0.832"/>
</testsuite> <!-- api_tests.Bejan_UserAPI_Tests -->
