<?xml version="1.0" encoding="UTF-8"?>
<!-- Generated by org.testng.reporters.JUnitReportReporter -->
<testsuite hostname="Sam_Alzubaidi" failures="0" tests="5" name="api_tests.CarterApiWithBejan" time="5.144" errors="0" timestamp="2023-10-03T20:02:42 EDT" skipped="0">
  <testcase classname="api_tests.CarterApiWithBejan" name="craterLogin" time="1.348"/>
  <testcase classname="api_tests.CarterApiWithBejan" name="newCustomer" time="0.736"/>
  <testcase classname="api_tests.CarterApiWithBejan" name="Update_a_Customer" time="0.548"/>
  <testcase classname="api_tests.CarterApiWithBejan" name="RetrieveCustomer" time="0.484"/>
  <testcase classname="api_tests.CarterApiWithBejan" name="ListAllCustomer" time="2.028"/>
</testsuite> <!-- api_tests.CarterApiWithBejan -->
